This is pdfTeX, Version 3.1415926-2.3-1.40.12 (MiKTeX 2.9) (preloaded format=pdflatex 2017.9.13)  11 OCT 2017 14:22
entering extended mode
**F:/SKF/pku/Â§ß‰∏â‰∏ä/Ëøë‰ª£Áâ©ÁêÜÂÆûÈ™å‚Ö†/NaI(Tl)Èó™ÁÉÅË∞±‰ª™ÊµãÂÆöŒ≥Â∞ÑÁ∫øË
ÉΩË∞±/NaI(Tl)Èó™ÁÉÅË∞±‰ª™ÊµãÂÆöŒ≥Â∞ÑÁ∫øËÉΩË∞±.tex

(F:/SKF/pku/Â§ß‰∏â‰∏ä/Ëøë‰ª£Áâ©ÁêÜÂÆûÈ™å‚Ö†/NaI(Tl)Èó™ÁÉÅË∞±‰ª™ÊµãÂÆöŒ≥Â∞ÑÁ∫øËÉ
ΩË∞±/NaI(Tl)Èó™ÁÉÅË∞±‰ª™ÊµãÂÆöŒ≥Â∞ÑÁ∫øËÉΩË∞±.tex
LaTeX2e <2011/06/27>
Babel <v3.8m> and hyphenation patterns for loaded.
(D:\CTEX\MiKTeX\tex\latex\base\article.cls
Document Class: article 2007/10/19 v1.4h Standard LaTeX document class
(D:\CTEX\MiKTeX\tex\latex\base\size11.clo
File: size11.clo 2007/10/19 v1.4h Standard LaTeX file (size option)
)
\c@part=\count79
\c@section=\count80
\c@subsection=\count81
\c@subsubsection=\count82
\c@paragraph=\count83
\c@subparagraph=\count84
\c@figure=\count85
\c@table=\count86
\abovecaptionskip=\skip41
\belowcaptionskip=\skip42
\bibindent=\dimen102
)
(D:\CTEX\MiKTeX\tex\latex\geometry\geometry.sty
Package: geometry 2010/09/12 v5.6 Page Geometry

(D:\CTEX\MiKTeX\tex\latex\graphics\keyval.sty
Package: keyval 1999/03/16 v1.13 key=value parser (DPC)
\KV@toks@=\toks14
)
(D:\CTEX\MiKTeX\tex\generic\oberdiek\ifpdf.sty
Package: ifpdf 2011/01/30 v2.3 Provides the ifpdf switch (HO)
Package ifpdf Info: pdfTeX in PDF mode is detected.
)
(D:\CTEX\MiKTeX\tex\generic\oberdiek\ifvtex.sty
Package: ifvtex 2010/03/01 v1.5 Switches for detecting VTeX and its modes (HO)
Package ifvtex Info: VTeX not detected.
)
(D:\CTEX\MiKTeX\tex\generic\ifxetex\ifxetex.sty
Package: ifxetex 2010/09/12 v0.6 Provides ifxetex conditional
)
\Gm@cnth=\count87
\Gm@cntv=\count88
\c@Gm@tempcnt=\count89
\Gm@bindingoffset=\dimen103
\Gm@wd@mp=\dimen104
\Gm@odd@mp=\dimen105
\Gm@even@mp=\dimen106
\Gm@layoutwidth=\dimen107
\Gm@layoutheight=\dimen108
\Gm@layouthoffset=\dimen109
\Gm@layoutvoffset=\dimen110
\Gm@dimlist=\toks15

(D:\CTEX\MiKTeX\tex\latex\geometry\geometry.cfg))
(D:\CTEX\MiKTeX\tex\latex\ctex\ctex.sty
Package: ctex 2011/03/11 v1.02c ctex macros package

(D:\CTEX\MiKTeX\tex\latex\ctex\opt\ctex-common-opts.def)
(D:\CTEX\CTeX\tex\latex\ctex\cfg\ctexopts.cfg)
(D:\CTEX\MiKTeX\tex\latex\ctex\def\ctex-common.def
(D:\CTEX\MiKTeX\tex\latex\l3kernel\expl3.sty
(D:\CTEX\MiKTeX\tex\latex\l3kernel\l3names.sty
(D:\CTEX\MiKTeX\tex\latex\l3kernel\l3bootstrap.sty
Package: l3bootstrap 2011/12/29 v3110 L3 Experimental bootstrap code
)
Package: l3names 2011/12/30 v3113 L3 Experimental namespace for primitives
)
(D:\CTEX\MiKTeX\tex\latex\misc\etex.sty
Package: etex 1998/03/26 v2.0 eTeX basic definition package (PEB)
\et@xins=\count90
)
Package: expl3 2012/02/26 v3471 L3 Experimental code bundle wrapper

(D:\CTEX\MiKTeX\tex\latex\graphics\color.sty
Package: color 2005/11/14 v1.0j Standard LaTeX Color (DPC)

(D:\CTEX\MiKTeX\tex\latex\00miktex\color.cfg
File: color.cfg 2007/01/18 v1.5 color configuration of teTeX/TeXLive
)
Package color Info: Driver file: pdftex.def on input line 130.

(D:\CTEX\MiKTeX\tex\latex\pdftex-def\pdftex.def
File: pdftex.def 2011/05/27 v0.06d Graphics/color for pdfTeX

(D:\CTEX\MiKTeX\tex\generic\oberdiek\infwarerr.sty
Package: infwarerr 2010/04/08 v1.3 Providing info/warning/message (HO)
)
(D:\CTEX\MiKTeX\tex\generic\oberdiek\ltxcmds.sty
Package: ltxcmds 2011/04/18 v1.20 LaTeX kernel commands for general use (HO)
)
\Gread@gobject=\count91
))
(D:\CTEX\MiKTeX\tex\latex\graphics\graphics.sty
Package: graphics 2009/02/05 v1.0o Standard LaTeX Graphics (DPC,SPQR)

(D:\CTEX\MiKTeX\tex\latex\graphics\trig.sty
Package: trig 1999/03/16 v1.09 sin cos tan (DPC)
)
(D:\CTEX\MiKTeX\tex\latex\00miktex\graphics.cfg
File: graphics.cfg 2007/01/18 v1.5 graphics configuration of teTeX/TeXLive
)
Package graphics Info: Driver file: pdftex.def on input line 91.
)
(D:\CTEX\MiKTeX\tex\latex\l3kernel\l3basics.sty
Package: l3basics 2012/02/26 v3460 L3 Experimental basic definitions
)
(D:\CTEX\MiKTeX\tex\latex\l3kernel\l3expan.sty
Package: l3expan 2012/02/26 v3460 L3 Experimental argument expansion
)
(D:\CTEX\MiKTeX\tex\latex\l3kernel\l3tl.sty
Package: l3tl 2012/02/26 v3460 L3 Experimental token lists
)
(D:\CTEX\MiKTeX\tex\latex\l3kernel\l3seq.sty
Package: l3seq 2012/01/09 v3158 L3 Experimental sequences and stacks
)
(D:\CTEX\MiKTeX\tex\latex\l3kernel\l3int.sty
Package: l3int 2012/02/26 v3460 L3 Experimental integers
\c_max_int=\count92
\l_tmpa_int=\count93
\l_tmpb_int=\count94
\l_tmpc_int=\count95
\g_tmpa_int=\count96
\g_tmpb_int=\count97
)
(D:\CTEX\MiKTeX\tex\latex\l3kernel\l3quark.sty
Package: l3quark 2012/02/12 v3384 L3 Experimental quarks
)
(D:\CTEX\MiKTeX\tex\latex\l3kernel\l3prg.sty
Package: l3prg 2012/02/26 v3464 L3 Experimental control structures
\g_prg_map_int=\count98
)
(D:\CTEX\MiKTeX\tex\latex\l3kernel\l3clist.sty
Package: l3clist 2012/02/26 v3460 L3 Experimental comma separated lists
)
(D:\CTEX\MiKTeX\tex\latex\l3kernel\l3token.sty
Package: l3token 2012/02/26 v3460 L3 Experimental token manipulation
)
(D:\CTEX\MiKTeX\tex\latex\l3kernel\l3prop.sty
Package: l3prop 2012/02/26 v3460 L3 Experimental property lists
)
(D:\CTEX\MiKTeX\tex\latex\l3kernel\l3msg.sty
Package: l3msg 2012/02/26 v3470 L3 Experimental messages
)
(D:\CTEX\MiKTeX\tex\latex\l3kernel\l3file.sty
Package: l3file 2012/02/26 v3464 L3 Experimental file and I/O operations
\l_iow_stream_int=\count99
\l_iow_line_length_int=\count100
\l_iow_target_length_int=\count101
\l_iow_current_line_int=\count102
\l_iow_current_word_int=\count103
\l_iow_current_indentation_int=\count104
)
(D:\CTEX\MiKTeX\tex\latex\l3kernel\l3skip.sty
Package: l3skip 2012/02/26 v3460 L3 Experimental dimensions and skips
\l_tmpa_dim=\dimen111
\l_tmpb_dim=\dimen112
\l_tmpc_dim=\dimen113
\g_tmpa_dim=\dimen114
\g_tmpb_dim=\dimen115
\l_tmpa_skip=\skip43
\l_tmpb_skip=\skip44
\l_tmpc_skip=\skip45
\g_tmpa_skip=\skip46
\g_tmpb_skip=\skip47
)
(D:\CTEX\MiKTeX\tex\latex\l3kernel\l3keys.sty
Package: l3keys 2011/12/22 v3086 L3 Experimental key-value interfaces
\g_keyval_level_int=\count105
\l_keys_choice_int=\count106
)
(D:\CTEX\MiKTeX\tex\latex\l3kernel\l3fp.sty
Package: l3fp 2012/02/06 v3315 L3 Experimental floating-point operations
\c_one_million=\count107
\c_one_hundred_million=\count108
\c_five_hundred_million=\count109
\c_one_thousand_million=\count110
\c_fp_pi_by_four_decimal_int=\count111
\c_fp_pi_by_four_extended_int=\count112
\c_fp_pi_decimal_int=\count113
\c_fp_pi_extended_int=\count114
\c_fp_two_pi_decimal_int=\count115
\c_fp_two_pi_extended_int=\count116
\l_fp_count_int=\count117
\l_fp_div_offset_int=\count118
\l_fp_exp_integer_int=\count119
\l_fp_exp_decimal_int=\count120
\l_fp_exp_extended_int=\count121
\l_fp_exp_exponent_int=\count122
\l_fp_input_a_sign_int=\count123
\l_fp_input_a_integer_int=\count124
\l_fp_input_a_decimal_int=\count125
\l_fp_input_a_exponent_int=\count126
\l_fp_input_b_sign_int=\count127
\l_fp_input_b_integer_int=\count128
\l_fp_input_b_decimal_int=\count129
\l_fp_input_b_exponent_int=\count130
\l_fp_input_a_extended_int=\count131
\l_fp_input_b_extended_int=\count132
\l_fp_mul_a_i_int=\count133
\l_fp_mul_a_ii_int=\count134
\l_fp_mul_a_iii_int=\count135
\l_fp_mul_a_iv_int=\count136
\l_fp_mul_a_v_int=\count137
\l_fp_mul_a_vi_int=\count138
\l_fp_mul_b_i_int=\count139
\l_fp_mul_b_ii_int=\count140
\l_fp_mul_b_iii_int=\count141
\l_fp_mul_b_iv_int=\count142
\l_fp_mul_b_v_int=\count143
\l_fp_mul_b_vi_int=\count144
\l_fp_mul_output_int=\count145
\l_fp_output_sign_int=\count146
\l_fp_output_integer_int=\count147
\l_fp_output_decimal_int=\count148
\l_fp_output_exponent_int=\count149
\l_fp_output_extended_int=\count150
\l_fp_round_position_int=\count151
\l_fp_round_target_int=\count152
\l_fp_split_sign_int=\count153
\l_fp_internal_int=\count154
\l_fp_trig_octant_int=\count155
\l_fp_trig_sign_int=\count156
\l_fp_trig_decimal_int=\count157
\l_fp_trig_extended_int=\count158
\l_fp_internal_dim=\dimen116
\l_fp_internal_skip=\skip48
)
(D:\CTEX\MiKTeX\tex\latex\l3kernel\l3box.sty
Package: l3box 2012/02/18 v3432 L3 Experimental boxes
\l_tmpb_box=\box26
\l_box_top_dim=\dimen117
\l_box_bottom_dim=\dimen118
\l_box_left_dim=\dimen119
\l_box_right_dim=\dimen120
\l_box_top_new_dim=\dimen121
\l_box_bottom_new_dim=\dimen122
\l_box_left_new_dim=\dimen123
\l_box_right_new_dim=\dimen124
\l_box_internal_box=\box27
)
(D:\CTEX\MiKTeX\tex\latex\l3kernel\l3coffins.sty
Package: l3coffins 2012/02/26 v3460 L3 Experimental coffin code layer
\l_coffin_internal_box=\box28
\l_coffin_internal_dim=\dimen125
\l_coffin_offset_x_dim=\dimen126
\l_coffin_offset_y_dim=\dimen127
\l_coffin_x_dim=\dimen128
\l_coffin_y_dim=\dimen129
\l_coffin_x_prime_dim=\dimen130
\l_coffin_y_prime_dim=\dimen131
\l_coffin_Depth_dim=\dimen132
\l_coffin_Height_dim=\dimen133
\l_coffin_TotalHeight_dim=\dimen134
\l_coffin_Width_dim=\dimen135
\c_empty_coffin=\box29
\l_coffin_aligned_coffin=\box30
\l_coffin_aligned_internal_coffin=\box31
\l_coffin_bounding_shift_dim=\dimen136
\l_coffin_left_corner_dim=\dimen137
\l_coffin_right_corner_dim=\dimen138
\l_coffin_bottom_corner_dim=\dimen139
\l_coffin_top_corner_dim=\dimen140
\l_coffin_scaled_total_height_dim=\dimen141
\l_coffin_scaled_width_dim=\dimen142
\l_coffin_display_coffin=\box32
\l_coffin_display_coord_coffin=\box33
\l_coffin_display_pole_coffin=\box34
\l_coffin_display_offset_dim=\dimen143
\l_coffin_display_x_dim=\dimen144
\l_coffin_display_y_dim=\dimen145
)
(D:\CTEX\MiKTeX\tex\latex\l3kernel\l3color.sty
Package: l3color 2011/09/07 v2776 L3 Experimental colour support
)
(D:\CTEX\MiKTeX\tex\latex\l3kernel\l3luatex.sty
Package: l3luatex 2012/02/09 v3355 L3 Experimental LuaTeX-specific functions
\g_cctab_allocate_int=\count159
\g_cctab_stack_int=\count160
))
(D:\CTEX\MiKTeX\tex\latex\etoolbox\etoolbox.sty
Package: etoolbox 2011/01/03 v2.1 e-TeX tools for LaTeX
\etb@tempcnta=\count161
)
(D:\CTEX\MiKTeX\tex\latex\tools\indentfirst.sty
Package: indentfirst 1995/11/23 v1.03 Indent first paragraph (DPC)
)
(D:\CTEX\MiKTeX\tex\latex\base\fix-cm.sty
Package: fix-cm 2006/09/13 v1.1m fixes to LaTeX

(D:\CTEX\MiKTeX\tex\latex\base\ts1enc.def
File: ts1enc.def 2001/06/05 v3.0e (jk/car/fm) Standard LaTeX file
))
(D:\CTEX\MiKTeX\tex\latex\ctex\engine\ctex-cjk-engine.def
(D:\CTEX\MiKTeX\tex\latex\cjk\CJK.sty
Package: CJK 2008/12/29 4.8.2

(D:\CTEX\MiKTeX\tex\latex\cjk\mule\MULEenc.sty
Package: MULEenc 2008/12/29 4.8.2
)
(D:\CTEX\MiKTeX\tex\latex\cjk\CJK.enc
File: CJK.enc 2008/12/29 4.8.2
)
LaTeX Info: Redefining \selectfont on input line 756.
\CJK@indent=\box35
)
(D:\CTEX\CTeX\tex\latex\CJKpunct\CJKpunct.sty
Package: CJKpunct 2010/02/21 4.8.2-2
\CJKpunct@cnta=\count162
\CJKpunct@cntb=\count163
\CJKpunct@cntc=\count164
\CJKpunct@cntd=\count165
\CJKpunct@cnte=\count166

(D:\CTEX\CTeX\tex\latex\CJKpunct\CJKpunct.spa))
(D:\CTEX\MiKTeX\tex\latex\ctex\engine\ctex-cjk-common.def
\ccwd=\dimen146
)
(D:\CTEX\MiKTeX\tex\latex\ctex\fontset\ctex-cjk-winfonts.def
(D:\CTEX\MiKTeX\tex\generic\zhmetrics\zhwinfonts.tex
(D:\CTEX\MiKTeX\tex\generic\oberdiek\ifpdf.sty
Package ifpdf Info: The package is already loaded, stopped on input line 64.
){D:/CTEX/UserData/pdftex/config/pdftex.map{Unicode.sfd}{UGBK.sfd}})))
\CTEX@q=\count167
\CTEX@r=\count168
))
(D:\CTEX\MiKTeX\tex\latex\ctex\def\ctex-gbk.def)
(D:\CTEX\MiKTeX\tex\latex\ctex\cfg\ctex.cfg)
(D:\CTEX\MiKTeX\tex\latex\oberdiek\epstopdf.sty
Package: epstopdf 2010/02/09 v2.5 Conversion with epstopdf on the fly (HO)

(D:\CTEX\MiKTeX\tex\latex\oberdiek\epstopdf-base.sty
Package: epstopdf-base 2010/02/09 v2.5 Base part for package epstopdf

(D:\CTEX\MiKTeX\tex\latex\oberdiek\grfext.sty
Package: grfext 2010/08/19 v1.1 Managing graphics extensions (HO)

(D:\CTEX\MiKTeX\tex\generic\oberdiek\kvdefinekeys.sty
Package: kvdefinekeys 2011/04/07 v1.3 Defining keys (HO)
))
(D:\CTEX\MiKTeX\tex\latex\oberdiek\kvoptions.sty
Package: kvoptions 2010/12/23 v3.10 Keyval support for LaTeX options (HO)

(D:\CTEX\MiKTeX\tex\generic\oberdiek\kvsetkeys.sty
Package: kvsetkeys 2011/04/07 v1.13 Key value parser (HO)

(D:\CTEX\MiKTeX\tex\generic\oberdiek\etexcmds.sty
Package: etexcmds 2011/02/16 v1.5 Prefix for e-TeX command names (HO)

(D:\CTEX\MiKTeX\tex\generic\oberdiek\ifluatex.sty
Package: ifluatex 2010/03/01 v1.3 Provides the ifluatex switch (HO)
Package ifluatex Info: LuaTeX not detected.
)
Package etexcmds Info: Could not find \expanded.
(etexcmds)             That can mean that you are not using pdfTeX 1.50 or
(etexcmds)             that some package has redefined \expanded.
(etexcmds)             In the latter case, load this package earlier.
)))
(D:\CTEX\MiKTeX\tex\generic\oberdiek\pdftexcmds.sty
Package: pdftexcmds 2011/04/22 v0.16 Utilities of pdfTeX for LuaTeX (HO)
Package pdftexcmds Info: LuaTeX not detected.
Package pdftexcmds Info: \pdf@primitive is available.
Package pdftexcmds Info: \pdf@ifprimitive is available.
Package pdftexcmds Info: \pdfdraftmode found.
)
Package grfext Info: Graphics extension search list:
(grfext)             [.png,.pdf,.jpg,.mps,.jpeg,.jbig2,.jb2,.PNG,.PDF,.JPG,.JPE
G,.JBIG2,.JB2,.eps]
(grfext)             \AppendGraphicsExtensions on input line 452.
))
(D:\CTEX\MiKTeX\tex\latex\ams\math\amsmath.sty
Package: amsmath 2000/07/18 v2.13 AMS math features
\@mathmargin=\skip49

For additional information on amsmath, use the `?' option.
(D:\CTEX\MiKTeX\tex\latex\ams\math\amstext.sty
Package: amstext 2000/06/29 v2.01

(D:\CTEX\MiKTeX\tex\latex\ams\math\amsgen.sty
File: amsgen.sty 1999/11/30 v2.0
\@emptytoks=\toks16
\ex@=\dimen147
))
(D:\CTEX\MiKTeX\tex\latex\ams\math\amsbsy.sty
Package: amsbsy 1999/11/29 v1.2d
\pmbraise@=\dimen148
)
(D:\CTEX\MiKTeX\tex\latex\ams\math\amsopn.sty
Package: amsopn 1999/12/14 v2.01 operator names
)
\inf@bad=\count169
LaTeX Info: Redefining \frac on input line 211.
\uproot@=\count170
\leftroot@=\count171
LaTeX Info: Redefining \overline on input line 307.
\classnum@=\count172
\DOTSCASE@=\count173
LaTeX Info: Redefining \ldots on input line 379.
LaTeX Info: Redefining \dots on input line 382.
LaTeX Info: Redefining \cdots on input line 467.
\Mathstrutbox@=\box36
\strutbox@=\box37
\big@size=\dimen149
LaTeX Font Info:    Redeclaring font encoding OML on input line 567.
LaTeX Font Info:    Redeclaring font encoding OMS on input line 568.
\macc@depth=\count174
\c@MaxMatrixCols=\count175
\dotsspace@=\muskip10
\c@parentequation=\count176
\dspbrk@lvl=\count177
\tag@help=\toks17
\row@=\count178
\column@=\count179
\maxfields@=\count180
\andhelp@=\toks18
\eqnshift@=\dimen150
\alignsep@=\dimen151
\tagshift@=\dimen152
\tagwidth@=\dimen153
\totwidth@=\dimen154
\lineht@=\dimen155
\@envbody=\toks19
\multlinegap=\skip50
\multlinetaggap=\skip51
\mathdisplay@stack=\toks20
LaTeX Info: Redefining \[ on input line 2666.
LaTeX Info: Redefining \] on input line 2667.
)
(D:\CTEX\MiKTeX\tex\latex\graphics\graphicx.sty
Package: graphicx 1999/02/16 v1.0f Enhanced LaTeX Graphics (DPC,SPQR)
\Gin@req@height=\dimen156
\Gin@req@width=\dimen157
)
(D:\CTEX\MiKTeX\tex\latex\threeparttable\threeparttable.sty
Package: threeparttable 2003/06/13  v 3.0
\@tempboxb=\box38
)
(D:\CTEX\MiKTeX\tex\latex\hyperref\hyperref.sty
Package: hyperref 2012/02/06 v6.82o Hypertext links for LaTeX

(D:\CTEX\MiKTeX\tex\generic\oberdiek\hobsub-hyperref.sty
Package: hobsub-hyperref 2011/04/23 v1.4 Bundle oberdiek, subset hyperref (HO)

(D:\CTEX\MiKTeX\tex\generic\oberdiek\hobsub-generic.sty
Package: hobsub-generic 2011/04/23 v1.4 Bundle oberdiek, subset generic (HO)
Package: hobsub 2011/04/23 v1.4 Subsetting bundle oberdiek (HO)
Package hobsub Info: Skipping package `infwarerr' (already loaded).
Package hobsub Info: Skipping package `ltxcmds' (already loaded).
Package hobsub Info: Skipping package `ifluatex' (already loaded).
Package hobsub Info: Skipping package `ifvtex' (already loaded).
Package: intcalc 2007/09/27 v1.1 Expandable integer calculations (HO)
Package hobsub Info: Skipping package `ifpdf' (already loaded).
Package hobsub Info: Skipping package `etexcmds' (already loaded).
Package hobsub Info: Skipping package `kvsetkeys' (already loaded).
Package hobsub Info: Skipping package `kvdefinekeys' (already loaded).
Package hobsub Info: Skipping package `pdftexcmds' (already loaded).
Package: pdfescape 2011/04/04 v1.12 Provides string conversions (HO)
Package: bigintcalc 2011/01/30 v1.2 Expandable big integer calculations (HO)
Package: bitset 2011/01/30 v1.1 Data type bit set (HO)
Package: uniquecounter 2011/01/30 v1.2 Provides unlimited unique counter (HO)
)
Package hobsub Info: Skipping package `hobsub' (already loaded).
Package: letltxmacro 2010/09/02 v1.4 Let assignment for LaTeX macros (HO)
Package: hopatch 2011/01/30 v1.0 Wrapper for package hooks (HO)
Package: xcolor-patch 2011/01/30 xcolor patch
Package: atveryend 2011/04/23 v1.7 Hooks at very end of document (HO)
Package: atbegshi 2011/01/30 v1.15 At begin shipout hook (HO)
Package: refcount 2010/12/01 v3.2 Data extraction from references (HO)
Package: hycolor 2011/01/30 v1.7 Color options of hyperref/bookmark (HO)
)
\@linkdim=\dimen158
\Hy@linkcounter=\count181
\Hy@pagecounter=\count182

(D:\CTEX\MiKTeX\tex\latex\hyperref\pd1enc.def
File: pd1enc.def 2012/02/06 v6.82o Hyperref: PDFDocEncoding definition (HO)
)
\Hy@SavedSpaceFactor=\count183

(D:\CTEX\MiKTeX\tex\latex\00miktex\hyperref.cfg
File: hyperref.cfg 2002/06/06 v1.2 hyperref configuration of TeXLive
)
Package hyperref Info: Option `colorlinks' set `true' on input line 3925.
Package hyperref Info: Hyper figures OFF on input line 4046.
Package hyperref Info: Link nesting OFF on input line 4051.
Package hyperref Info: Hyper index ON on input line 4054.
Package hyperref Info: Plain pages OFF on input line 4061.
Package hyperref Info: Backreferencing OFF on input line 4066.
Package hyperref Info: Implicit mode ON; LaTeX internals redefined.
Package hyperref Info: Bookmarks ON on input line 4284.
\c@Hy@tempcnt=\count184

(D:\CTEX\MiKTeX\tex\latex\ltxmisc\url.sty
\Urlmuskip=\muskip11
Package: url 2006/04/12  ver 3.3  Verb mode for urls, etc.
)
LaTeX Info: Redefining \url on input line 4637.
\Fld@menulength=\count185
\Field@Width=\dimen159
\Fld@charsize=\dimen160
Package hyperref Info: Hyper figures OFF on input line 5757.
Package hyperref Info: Link nesting OFF on input line 5762.
Package hyperref Info: Hyper index ON on input line 5765.
Package hyperref Info: backreferencing OFF on input line 5772.
Package hyperref Info: Link coloring ON on input line 5775.
Package hyperref Info: Link coloring with OCG OFF on input line 5782.
Package hyperref Info: PDF/A mode OFF on input line 5787.
LaTeX Info: Redefining \ref on input line 5827.
LaTeX Info: Redefining \pageref on input line 5831.
\Hy@abspage=\count186
\c@Item=\count187
\c@Hfootnote=\count188
)

Package hyperref Message: Driver (autodetected): hpdftex.

(D:\CTEX\MiKTeX\tex\latex\hyperref\hpdftex.def
File: hpdftex.def 2012/02/06 v6.82o Hyperref driver for pdfTeX
\Fld@listcount=\count189
\c@bookmark@seq@number=\count190

(D:\CTEX\MiKTeX\tex\latex\oberdiek\rerunfilecheck.sty
Package: rerunfilecheck 2011/04/15 v1.7 Rerun checks for auxiliary files (HO)
Package uniquecounter Info: New unique counter `rerunfilecheck' on input line 2
82.
)
\Hy@SectionHShift=\skip52
)
(F:\SKF\pku\Â§ß‰∏â‰∏ä\Ëøë‰ª£Áâ©ÁêÜÂÆûÈ™å‚Ö†\NaI(Tl)Èó™ÁÉÅË∞±‰ª™ÊµãÂÆöŒ≥Â∞ÑÁ∫øËÉ
ΩË∞±\NaI(Tl)Èó™ÁÉÅË∞±‰ª™ÊµãÂÆöŒ≥Â∞ÑÁ∫øËÉΩË∞±.aux)
LaTeX Font Info:    Checking defaults for OML/cmm/m/it on input line 15.
LaTeX Font Info:    ... okay on input line 15.
LaTeX Font Info:    Checking defaults for T1/cmr/m/n on input line 15.
LaTeX Font Info:    ... okay on input line 15.
LaTeX Font Info:    Checking defaults for OT1/cmr/m/n on input line 15.
LaTeX Font Info:    ... okay on input line 15.
LaTeX Font Info:    Checking defaults for OMS/cmsy/m/n on input line 15.
LaTeX Font Info:    ... okay on input line 15.
LaTeX Font Info:    Checking defaults for OMX/cmex/m/n on input line 15.
LaTeX Font Info:    ... okay on input line 15.
LaTeX Font Info:    Checking defaults for U/cmr/m/n on input line 15.
LaTeX Font Info:    ... okay on input line 15.
LaTeX Font Info:    Checking defaults for TS1/cmr/m/n on input line 15.
LaTeX Font Info:    ... okay on input line 15.
LaTeX Font Info:    Checking defaults for C00/song/m/n on input line 15.
LaTeX Font Info:    ... okay on input line 15.
LaTeX Font Info:    Checking defaults for C05/song/m/n on input line 15.
LaTeX Font Info:    ... okay on input line 15.
LaTeX Font Info:    Checking defaults for C09/song/m/n on input line 15.
LaTeX Font Info:    ... okay on input line 15.
LaTeX Font Info:    Checking defaults for C10/song/m/n on input line 15.
LaTeX Font Info:    ... okay on input line 15.
LaTeX Font Info:    Checking defaults for C20/song/m/n on input line 15.
LaTeX Font Info:    ... okay on input line 15.
LaTeX Font Info:    Checking defaults for C19/song/m/n on input line 15.
LaTeX Font Info:    ... okay on input line 15.
LaTeX Font Info:    Checking defaults for C40/song/m/n on input line 15.
LaTeX Font Info:    ... okay on input line 15.
LaTeX Font Info:    Checking defaults for C42/song/m/n on input line 15.
LaTeX Font Info:    ... okay on input line 15.
LaTeX Font Info:    Checking defaults for C43/song/m/n on input line 15.
LaTeX Font Info:    ... okay on input line 15.
LaTeX Font Info:    Checking defaults for C50/song/m/n on input line 15.
LaTeX Font Info:    ... okay on input line 15.
LaTeX Font Info:    Checking defaults for C52/song/m/n on input line 15.
LaTeX Font Info:    ... okay on input line 15.
LaTeX Font Info:    Checking defaults for C49/song/m/n on input line 15.
LaTeX Font Info:    ... okay on input line 15.
LaTeX Font Info:    Checking defaults for C60/mj/m/n on input line 15.
LaTeX Font Info:    ... okay on input line 15.
LaTeX Font Info:    Checking defaults for C61/mj/m/n on input line 15.
LaTeX Font Info:    ... okay on input line 15.
LaTeX Font Info:    Checking defaults for C63/mj/m/n on input line 15.
LaTeX Font Info:    ... okay on input line 15.
LaTeX Font Info:    Checking defaults for C64/mj/m/n on input line 15.
LaTeX Font Info:    ... okay on input line 15.
LaTeX Font Info:    Checking defaults for C65/mj/m/n on input line 15.
LaTeX Font Info:    ... okay on input line 15.
LaTeX Font Info:    Checking defaults for C70/song/m/n on input line 15.
LaTeX Font Info:    ... okay on input line 15.
LaTeX Font Info:    Checking defaults for C31/song/m/n on input line 15.
LaTeX Font Info:    ... okay on input line 15.
LaTeX Font Info:    Checking defaults for C32/song/m/n on input line 15.
LaTeX Font Info:    ... okay on input line 15.
LaTeX Font Info:    Checking defaults for C33/song/m/n on input line 15.
LaTeX Font Info:    ... okay on input line 15.
LaTeX Font Info:    Checking defaults for C34/song/m/n on input line 15.
LaTeX Font Info:    ... okay on input line 15.
LaTeX Font Info:    Checking defaults for C35/song/m/n on input line 15.
LaTeX Font Info:    ... okay on input line 15.
LaTeX Font Info:    Checking defaults for C36/song/m/n on input line 15.
LaTeX Font Info:    ... okay on input line 15.
LaTeX Font Info:    Checking defaults for C37/song/m/n on input line 15.
LaTeX Font Info:    ... okay on input line 15.
LaTeX Font Info:    Checking defaults for C80/song/m/n on input line 15.
LaTeX Font Info:    ... okay on input line 15.
LaTeX Font Info:    Checking defaults for C81/song/m/n on input line 15.
LaTeX Font Info:    ... okay on input line 15.
LaTeX Font Info:    Checking defaults for C01/song/m/n on input line 15.
LaTeX Font Info:    ... okay on input line 15.
LaTeX Font Info:    Checking defaults for C11/song/m/n on input line 15.
LaTeX Font Info:    ... okay on input line 15.
LaTeX Font Info:    Checking defaults for C21/song/m/n on input line 15.
LaTeX Font Info:    ... okay on input line 15.
LaTeX Font Info:    Checking defaults for C41/song/m/n on input line 15.
LaTeX Font Info:    ... okay on input line 15.
LaTeX Font Info:    Checking defaults for C62/song/m/n on input line 15.
LaTeX Font Info:    ... okay on input line 15.
LaTeX Font Info:    Checking defaults for PD1/pdf/m/n on input line 15.
LaTeX Font Info:    ... okay on input line 15.

*geometry* driver: auto-detecting
*geometry* detected driver: pdftex
*geometry* verbose mode - [ preamble ] result:
* driver: pdftex
* paper: a4paper
* layout: <same size as paper>
* layoutoffset:(h,v)=(0.0pt,0.0pt)
* modes: 
* h-part:(L,W,R)=(89.62709pt, 418.25368pt, 89.6271pt)
* v-part:(T,H,B)=(71.13188pt, 672.50832pt, 101.40665pt)
* \paperwidth=597.50787pt
* \paperheight=845.04684pt
* \textwidth=418.25368pt
* \textheight=672.50832pt
* \oddsidemargin=17.3571pt
* \evensidemargin=17.3571pt
* \topmargin=-38.1381pt
* \headheight=12.0pt
* \headsep=25.0pt
* \topskip=11.0pt
* \footskip=30.0pt
* \marginparwidth=50.0pt
* \marginparsep=10.0pt
* \columnsep=10.0pt
* \skip\footins=10.0pt plus 4.0pt minus 2.0pt
* \hoffset=0.0pt
* \voffset=0.0pt
* \mag=1000
* \@twocolumnfalse
* \@twosidefalse
* \@mparswitchfalse
* \@reversemarginfalse
* (1in=72.27pt=25.4mm, 1cm=28.453pt)

(D:\CTEX\MiKTeX\tex\context\base\supp-pdf.mkii
[Loading MPS to PDF converter (version 2006.09.02).]
\scratchcounter=\count191
\scratchdimen=\dimen161
\scratchbox=\box39
\nofMPsegments=\count192
\nofMParguments=\count193
\everyMPshowfont=\toks21
\MPscratchCnt=\count194
\MPscratchDim=\dimen162
\MPnumerator=\count195
\makeMPintoPDFobject=\count196
\everyMPtoPDFconversion=\toks22
)
\AtBeginShipoutBox=\box40
Package hyperref Info: Link coloring ON on input line 15.
 (D:\CTEX\MiKTeX\tex\latex\hyperref\nameref.sty
Package: nameref 2010/04/30 v2.40 Cross-referencing by name of section

(D:\CTEX\MiKTeX\tex\generic\oberdiek\gettitlestring.sty
Package: gettitlestring 2010/12/03 v1.4 Cleanup title references (HO)
)
\c@section@level=\count197
)
LaTeX Info: Redefining \ref on input line 15.
LaTeX Info: Redefining \pageref on input line 15.
LaTeX Info: Redefining \nameref on input line 15.

(F:\SKF\pku\Â§ß‰∏â‰∏ä\Ëøë‰ª£Áâ©ÁêÜÂÆûÈ™å‚Ö†\NaI(Tl)Èó™ÁÉÅË∞±‰ª™ÊµãÂÆöŒ≥Â∞ÑÁ∫øËÉ
ΩË∞±\NaI(Tl)Èó™ÁÉÅË∞±‰ª™ÊµãÂÆöŒ≥Â∞ÑÁ∫øËÉΩË∞±.out)
(F:\SKF\pku\Â§ß‰∏â‰∏ä\Ëøë‰ª£Áâ©ÁêÜÂÆûÈ™å‚Ö†\NaI(Tl)Èó™ÁÉÅË∞±‰ª™ÊµãÂÆöŒ≥Â∞ÑÁ∫øËÉ
ΩË∞±\NaI(Tl)Èó™ÁÉÅË∞±‰ª™ÊµãÂÆöŒ≥Â∞ÑÁ∫øËÉΩË∞±.out)
\@outlinefile=\write3

(D:\CTEX\MiKTeX\tex\latex\cjk\standard.bdg
File: standard.bdg 2008/12/29 4.8.2
)
(D:\CTEX\MiKTeX\tex\latex\cjk\extended.enc
File: extended.enc 2008/12/29 4.8.2
)
(D:\CTEX\MiKTeX\tex\latex\cjk\extended.chr
File: extended.chr 2008/12/29 4.8.2
)
LaTeX Font Info:    Try loading font information for C19+rm on input line 17.

(D:\CTEX\MiKTeX\tex\latex\ctex\fd\c19rm.fd
File: c19rm.fd 2007/05/06 v0.8a ctex font definition file
)
Package CJKpunct Info: punctuation spaces for family 'zhsong' do not exist. Use
 family 'def' instead. on input line 19.
LaTeX Font Info:    Try loading font information for OMS+cmr on input line 30.

(D:\CTEX\MiKTeX\tex\latex\base\omscmr.fd
File: omscmr.fd 1999/05/25 v2.5h Standard LaTeX font definitions
)
LaTeX Font Info:    Font shape `OMS/cmr/m/n' in size <10.95> not available
(Font)              Font shape `OMS/cmsy/m/n' tried instead on input line 30.
 [1

]

LaTeX Warning: No positions in optional float specifier.
               Default added (so using `tbp') on input line 40.


LaTeX Warning: No positions in optional float specifier.
               Default added (so using `tbp') on input line 54.

Package epstopdf Info: Source file: <data_gr1.eps>
(epstopdf)                    date: 2017-10-05 16:57:32
(epstopdf)                    size: 53309 bytes
(epstopdf)             Output file: <data_gr1-eps-converted-to.pdf>
(epstopdf)                    date: 2017-10-05 17:01:44
(epstopdf)                    size: 17347 bytes
(epstopdf)             Command: <epstopdf --outfile=data_gr1-eps-converted-to.p
df data_gr1.eps>
(epstopdf)             \includegraphics on input line 55.
Package epstopdf Info: Output file is already uptodate.
<data_gr1-eps-converted-to.pdf, id=74, 374.39874pt x 229.85875pt>
File: data_gr1-eps-converted-to.pdf Graphic file (type pdf)

<use data_gr1-eps-converted-to.pdf>
Package pdftex.def Info: data_gr1-eps-converted-to.pdf used on input line 55.
(pdftex.def)             Requested size: 418.25368pt x 256.79817pt.


LaTeX Warning: No positions in optional float specifier.
               Default added (so using `tbp') on input line 62.


LaTeX Warning: No positions in optional float specifier.
               Default added (so using `tbp') on input line 86.

Package epstopdf Info: Source file: <data_gr2.eps>
(epstopdf)                    date: 2017-10-05 16:57:32
(epstopdf)                    size: 76780 bytes
(epstopdf)             Output file: <data_gr2-eps-converted-to.pdf>
(epstopdf)                    date: 2017-10-05 17:01:44
(epstopdf)                    size: 26486 bytes
(epstopdf)             Command: <epstopdf --outfile=data_gr2-eps-converted-to.p
df data_gr2.eps>
(epstopdf)             \includegraphics on input line 87.
Package epstopdf Info: Output file is already uptodate.
<data_gr2-eps-converted-to.pdf, id=77, 479.7925pt x 292.09125pt>
File: data_gr2-eps-converted-to.pdf Graphic file (type pdf)

<use data_gr2-eps-converted-to.pdf>
Package pdftex.def Info: data_gr2-eps-converted-to.pdf used on input line 87.
(pdftex.def)             Requested size: 418.25368pt x 254.62987pt.
 [2] [3 <F:/SKF/pku/Â§ß‰∏â‰∏ä/Ëøë‰ª£Áâ©ÁêÜÂÆûÈ™å‚Ö†/NaI(Tl)Èó™ÁÉÅË∞±‰ª™ÊµãÂÆöŒ≥
Â∞ÑÁ∫øËÉΩË∞±/data_gr1-eps-converted-to.pdf>]

LaTeX Warning: No positions in optional float specifier.
               Default added (so using `tbp') on input line 94.


LaTeX Warning: No positions in optional float specifier.
               Default added (so using `tbp') on input line 112.

Package epstopdf Info: Source file: <data_gr3.eps>
(epstopdf)                    date: 2017-10-05 16:57:33
(epstopdf)                    size: 39337 bytes
(epstopdf)             Output file: <data_gr3-eps-converted-to.pdf>
(epstopdf)                    date: 2017-10-05 17:01:44
(epstopdf)                    size: 11783 bytes
(epstopdf)             Command: <epstopdf --outfile=data_gr3-eps-converted-to.p
df data_gr3.eps>
(epstopdf)             \includegraphics on input line 113.
Package epstopdf Info: Output file is already uptodate.
<data_gr3-eps-converted-to.pdf, id=114, 260.975pt x 162.6075pt>
File: data_gr3-eps-converted-to.pdf Graphic file (type pdf)

<use data_gr3-eps-converted-to.pdf>
Package pdftex.def Info: data_gr3-eps-converted-to.pdf used on input line 113.
(pdftex.def)             Requested size: 418.25368pt x 260.60904pt.


LaTeX Warning: No positions in optional float specifier.
               Default added (so using `tbp') on input line 120.

Package epstopdf Info: Source file: <data_gr4.eps>
(epstopdf)                    date: 2017-10-05 16:57:33
(epstopdf)                    size: 86301 bytes
(epstopdf)             Output file: <data_gr4-eps-converted-to.pdf>
(epstopdf)                    date: 2017-10-05 17:01:45
(epstopdf)                    size: 28313 bytes
(epstopdf)             Command: <epstopdf --outfile=data_gr4-eps-converted-to.p
df data_gr4.eps>
(epstopdf)             \includegraphics on input line 121.
Package epstopdf Info: Output file is already uptodate.
<data_gr4-eps-converted-to.pdf, id=119, 260.975pt x 157.58875pt>
File: data_gr4-eps-converted-to.pdf Graphic file (type pdf)

<use data_gr4-eps-converted-to.pdf>
Package pdftex.def Info: data_gr4-eps-converted-to.pdf used on input line 121.
(pdftex.def)             Requested size: 418.25368pt x 252.56552pt.


LaTeX Warning: No positions in optional float specifier.
               Default added (so using `tbp') on input line 124.

Package epstopdf Info: Source file: <data_gr5.eps>
(epstopdf)                    date: 2017-10-05 16:57:33
(epstopdf)                    size: 72725 bytes
(epstopdf)             Output file: <data_gr5-eps-converted-to.pdf>
(epstopdf)                    date: 2017-10-05 17:01:45
(epstopdf)                    size: 23311 bytes
(epstopdf)             Command: <epstopdf --outfile=data_gr5-eps-converted-to.p
df data_gr5.eps>
(epstopdf)             \includegraphics on input line 125.
Package epstopdf Info: Output file is already uptodate.
<data_gr5-eps-converted-to.pdf, id=120, 260.975pt x 162.6075pt>
File: data_gr5-eps-converted-to.pdf Graphic file (type pdf)

<use data_gr5-eps-converted-to.pdf>
Package pdftex.def Info: data_gr5-eps-converted-to.pdf used on input line 125.
(pdftex.def)             Requested size: 418.25368pt x 260.60904pt.


LaTeX Warning: No positions in optional float specifier.
               Default added (so using `tbp') on input line 128.

Package epstopdf Info: Source file: <data_gr6.eps>
(epstopdf)                    date: 2017-10-05 16:57:33
(epstopdf)                    size: 80596 bytes
(epstopdf)             Output file: <data_gr6-eps-converted-to.pdf>
(epstopdf)                    date: 2017-10-05 17:01:45
(epstopdf)                    size: 27025 bytes
(epstopdf)             Command: <epstopdf --outfile=data_gr6-eps-converted-to.p
df data_gr6.eps>
(epstopdf)             \includegraphics on input line 129.
Package epstopdf Info: Output file is already uptodate.
<data_gr6-eps-converted-to.pdf, id=121, 260.975pt x 160.6pt>
File: data_gr6-eps-converted-to.pdf Graphic file (type pdf)

<use data_gr6-eps-converted-to.pdf>
Package pdftex.def Info: data_gr6-eps-converted-to.pdf used on input line 129.
(pdftex.def)             Requested size: 418.25368pt x 257.39162pt.


LaTeX Warning: No positions in optional float specifier.
               Default added (so using `tbp') on input line 132.

Package epstopdf Info: Source file: <data_gr7.eps>
(epstopdf)                    date: 2017-10-05 16:57:33
(epstopdf)                    size: 83737 bytes
(epstopdf)             Output file: <data_gr7-eps-converted-to.pdf>
(epstopdf)                    date: 2017-10-05 17:01:46
(epstopdf)                    size: 27902 bytes
(epstopdf)             Command: <epstopdf --outfile=data_gr7-eps-converted-to.p
df data_gr7.eps>
(epstopdf)             \includegraphics on input line 133.
Package epstopdf Info: Output file is already uptodate.
<data_gr7-eps-converted-to.pdf, id=122, 260.975pt x 160.6pt>
File: data_gr7-eps-converted-to.pdf Graphic file (type pdf)

<use data_gr7-eps-converted-to.pdf>
Package pdftex.def Info: data_gr7-eps-converted-to.pdf used on input line 133.
(pdftex.def)             Requested size: 418.25368pt x 257.39162pt.
 [4 <F:/SKF/pku/Â§ß‰∏â‰∏ä/Ëøë‰ª£Áâ©ÁêÜÂÆûÈ™å‚Ö†/NaI(Tl)Èó™ÁÉÅË∞±‰ª™ÊµãÂÆöŒ≥Â∞ÑÁ
∫øËÉΩË∞±/data_gr2-eps-converted-to.pdf>]
[5 <F:/SKF/pku/Â§ß‰∏â‰∏ä/Ëøë‰ª£Áâ©ÁêÜÂÆûÈ™å‚Ö†/NaI(Tl)Èó™ÁÉÅË∞±‰ª™ÊµãÂÆöŒ≥Â∞ÑÁ∫
øËÉΩË∞±/data_gr3-eps-converted-to.pdf> <F:/SKF/pku/Â§ß‰∏â‰∏ä/Ëøë‰ª£Áâ©ÁêÜÂÆûÈ™å
‚Ö†/NaI(Tl)Èó™ÁÉÅË∞±‰ª™ÊµãÂÆöŒ≥Â∞ÑÁ∫øËÉΩË∞±/data_gr4-eps-converted-to.pdf>]
[6 <F:/SKF/pku/Â§ß‰∏â‰∏ä/Ëøë‰ª£Áâ©ÁêÜÂÆûÈ™å‚Ö†/NaI(Tl)Èó™ÁÉÅË∞±‰ª™ÊµãÂÆöŒ≥Â∞ÑÁ∫
øËÉΩË∞±/data_gr5-eps-converted-to.pdf> <F:/SKF/pku/Â§ß‰∏â‰∏ä/Ëøë‰ª£Áâ©ÁêÜÂÆûÈ™å
‚Ö†/NaI(Tl)Èó™ÁÉÅË∞±‰ª™ÊµãÂÆöŒ≥Â∞ÑÁ∫øËÉΩË∞±/data_gr6-eps-converted-to.pdf>]

LaTeX Warning: No positions in optional float specifier.
               Default added (so using `tbp') on input line 141.

Package epstopdf Info: Source file: <data_gr8.eps>
(epstopdf)                    date: 2017-10-05 16:57:33
(epstopdf)                    size: 76277 bytes
(epstopdf)             Output file: <data_gr8-eps-converted-to.pdf>
(epstopdf)                    date: 2017-10-05 17:01:46
(epstopdf)                    size: 24752 bytes
(epstopdf)             Command: <epstopdf --outfile=data_gr8-eps-converted-to.p
df data_gr8.eps>
(epstopdf)             \includegraphics on input line 142.
Package epstopdf Info: Output file is already uptodate.
<data_gr8-eps-converted-to.pdf, id=154, 260.975pt x 153.57375pt>
File: data_gr8-eps-converted-to.pdf Graphic file (type pdf)

<use data_gr8-eps-converted-to.pdf>
Package pdftex.def Info: data_gr8-eps-converted-to.pdf used on input line 142.
(pdftex.def)             Requested size: 418.25368pt x 246.13074pt.
 [7 <F:/SKF/pku/Â§ß‰∏â‰∏ä/Ëøë‰ª£Áâ©ÁêÜÂÆûÈ™å‚Ö†/NaI(Tl)Èó™ÁÉÅË∞±‰ª™ÊµãÂÆöŒ≥Â∞ÑÁ
∫øËÉΩË∞±/data_gr7-eps-converted-to.pdf>]

LaTeX Warning: No positions in optional float specifier.
               Default added (so using `tbp') on input line 153.

Package epstopdf Info: Source file: <data_gr9.eps>
(epstopdf)                    date: 2017-10-05 16:57:33
(epstopdf)                    size: 41744 bytes
(epstopdf)             Output file: <data_gr9-eps-converted-to.pdf>
(epstopdf)                    date: 2017-10-05 17:01:47
(epstopdf)                    size: 14273 bytes
(epstopdf)             Command: <epstopdf --outfile=data_gr9-eps-converted-to.p
df data_gr9.eps>
(epstopdf)             \includegraphics on input line 154.
Package epstopdf Info: Output file is already uptodate.
<data_gr9-eps-converted-to.pdf, id=175, 260.975pt x 163.61125pt>
File: data_gr9-eps-converted-to.pdf Graphic file (type pdf)

<use data_gr9-eps-converted-to.pdf>
Package pdftex.def Info: data_gr9-eps-converted-to.pdf used on input line 154.
(pdftex.def)             Requested size: 418.25368pt x 262.21771pt.
 [8 <F:/SKF/pku/Â§ß‰∏â‰∏ä/Ëøë‰ª£Áâ©ÁêÜÂÆûÈ™å‚Ö†/NaI(Tl)Èó™ÁÉÅË∞±‰ª™ÊµãÂÆöŒ≥Â∞ÑÁ
∫øËÉΩË∞±/data_gr8-eps-converted-to.pdf>]

LaTeX Warning: No positions in optional float specifier.
               Default added (so using `tbp') on input line 162.

<block_diagram.jpg, id=192, 402.75468pt x 247.67531pt>
File: block_diagram.jpg Graphic file (type jpg)
 <use block_diagram.jpg>
Package pdftex.def Info: block_diagram.jpg used on input line 163.
(pdftex.def)             Requested size: 418.25368pt x 257.20587pt.


LaTeX Warning: No positions in optional float specifier.
               Default added (so using `tbp') on input line 166.

<cs_spectrum.jpg, id=193, 537.00626pt x 249.93375pt>
File: cs_spectrum.jpg Graphic file (type jpg)
 <use cs_spectrum.jpg>
Package pdftex.def Info: cs_spectrum.jpg used on input line 167.
(pdftex.def)             Requested size: 418.25368pt x 194.66531pt.

Underfull \hbox (badness 10000) in paragraph at lines 176--186

 []

[9 <F:/SKF/pku/Â§ß‰∏â‰∏ä/Ëøë‰ª£Áâ©ÁêÜÂÆûÈ™å‚Ö†/NaI(Tl)Èó™ÁÉÅË∞±‰ª™ÊµãÂÆöŒ≥Â∞ÑÁ∫
øËÉΩË∞±/data_gr9-eps-converted-to.pdf>] [10 <F:/SKF/pku/Â§ß‰∏â‰∏ä/Ëøë‰ª£Áâ©ÁêÜÂ
ÆûÈ™å‚Ö†/NaI(Tl)Èó™ÁÉÅË∞±‰ª™ÊµãÂÆöŒ≥Â∞ÑÁ∫øËÉΩË∞±/block_diagram.jpg> <F:/SKF/pku
/Â§ß‰∏â‰∏ä/Ëøë‰ª£Áâ©ÁêÜÂÆûÈ™å‚Ö†/NaI(Tl)Èó™ÁÉÅË∞±‰ª™ÊµãÂÆöŒ≥Â∞ÑÁ∫øËÉΩË∞±/cs_spe
ctrum.jpg>]
Underfull \hbox (badness 10000) in paragraph at lines 197--199
\OT1/cmr/m/n/10.95 https://wenku.baidu.com/view/4a3daf8ff18583d0496459ad.html,2
015-10-27/2017-
 []

[11]
Package atveryend Info: Empty hook `BeforeClearDocument' on input line 201.
Package atveryend Info: Empty hook `AfterLastShipout' on input line 201.

(F:\SKF\pku\Â§ß‰∏â‰∏ä\Ëøë‰ª£Áâ©ÁêÜÂÆûÈ™å‚Ö†\NaI(Tl)Èó™ÁÉÅË∞±‰ª™ÊµãÂÆöŒ≥Â∞ÑÁ∫øËÉ
ΩË∞±\NaI(Tl)Èó™ÁÉÅË∞±‰ª™ÊµãÂÆöŒ≥Â∞ÑÁ∫øËÉΩË∞±.aux)
Package atveryend Info: Executing hook `AtVeryEndDocument' on input line 201.
Package atveryend Info: Executing hook `AtEndAfterFileList' on input line 201.
Package rerunfilecheck Info: File `NaI(Tl)Èó™ÁÉÅË∞±‰ª™ÊµãÂÆöŒ≥Â∞ÑÁ∫øËÉΩË∞±.out'
 has not changed.
(rerunfilecheck)             Checksum: D41D8CD98F00B204E9800998ECF8427E;0.
 ) 
Here is how much of TeX's memory you used:
 13681 strings out of 495354
 215513 string characters out of 3183859
 320598 words of memory out of 3000000
 16493 multiletter control sequences out of 15000+200000
 52412 words of font info for 181 fonts, out of 3000000 for 9000
 14 hyphenation exceptions out of 8191
 42i,16n,27p,994b,600s stack positions out of 5000i,500n,10000p,200000b,50000s
<C:/WINDOWS/Fonts/simsun.ttc><C:/WINDOWS/Fonts/simhei.ttf><C:/WINDOWS/Fonts/s
imhei.ttf><C:/WINDOWS/Fonts/simhei.ttf><C:/WINDOWS/Fonts/simhei.ttf><C:/WINDOWS
/Fonts/simhei.ttf><C:/WINDOWS/Fonts/simhei.ttf><C:/WINDOWS/Fonts/simhei.ttf><C:
/WINDOWS/Fonts/simhei.ttf><C:/WINDOWS/Fonts/simhei.ttf><C:/WINDOWS/Fonts/simhei
.ttf><C:/WINDOWS/Fonts/simhei.ttf><C:/WINDOWS/Fonts/simsun.ttc><C:/WINDOWS/Font
s/simhei.ttf><C:/WINDOWS/Fonts/simhei.ttf><C:/WINDOWS/Fonts/simhei.ttf><C:/WIND
OWS/Fonts/simhei.ttf><C:/WINDOWS/Fonts/simhei.ttf><C:/WINDOWS/Fonts/simhei.ttf>
<C:/WINDOWS/Fonts/simsun.ttc><C:/WINDOWS/Fonts/simhei.ttf><C:/WINDOWS/Fonts/sim
hei.ttf><C:/WINDOWS/Fonts/simhei.ttf><C:/WINDOWS/Fonts/simhei.ttf><C:/WINDOWS/F
onts/simhei.ttf><C:/WINDOWS/Fonts/simhei.ttf><C:/WINDOWS/Fonts/simhei.ttf><C:/W
INDOWS/Fonts/simsun.ttc><C:/WINDOWS/Fonts/simsun.ttc><C:/WINDOWS/Fonts/simsun.t
tc><C:/WINDOWS/Fonts/simsun.ttc><C:/WINDOWS/Fonts/simsun.ttc><C:/WINDOWS/Fonts/
simsun.ttc><C:/WINDOWS/Fonts/simsun.ttc><C:/WINDOWS/Fonts/simsun.ttc><C:/WINDOW
S/Fonts/simsun.ttc><C:/WINDOWS/Fonts/simsun.ttc><C:/WINDOWS/Fonts/simsun.ttc><C
:/WINDOWS/Fonts/simsun.ttc><C:/WINDOWS/Fonts/simsun.ttc><C:/WINDOWS/Fonts/simsu
n.ttc><C:/WINDOWS/Fonts/simsun.ttc><C:/WINDOWS/Fonts/simsun.ttc><C:/WINDOWS/Fon
ts/simsun.ttc><C:/WINDOWS/Fonts/simsun.ttc><C:/WINDOWS/Fonts/simsun.ttc><C:/WIN
DOWS/Fonts/simsun.ttc><C:/WINDOWS/Fonts/simsun.ttc><C:/WINDOWS/Fonts/simsun.ttc
><C:/WINDOWS/Fonts/simsun.ttc><C:/WINDOWS/Fonts/simsun.ttc><C:/WINDOWS/Fonts/si
msun.ttc><C:/WINDOWS/Fonts/simsun.ttc><C:/WINDOWS/Fonts/simsun.ttc><C:/WINDOWS/
Fonts/simsun.ttc><C:/WINDOWS/Fonts/simsun.ttc><C:/WINDOWS/Fonts/simsun.ttc><C:/
WINDOWS/Fonts/simsun.ttc><C:/WINDOWS/Fonts/simsun.ttc><D:/CTEX/MiKTeX/fonts/typ
e1/public/amsfonts/cm/cmbx10.pfb><D:/CTEX/MiKTeX/fonts/type1/public/amsfonts/cm
/cmbx12.pfb><D:/CTEX/MiKTeX/fonts/type1/public/amsfonts/cm/cmbxti10.pfb><D:/CTE
X/MiKTeX/fonts/type1/public/amsfonts/cm/cmmi10.pfb><D:/CTEX/MiKTeX/fonts/type1/
public/amsfonts/cm/cmmi12.pfb><D:/CTEX/MiKTeX/fonts/type1/public/amsfonts/cm/cm
mi6.pfb><D:/CTEX/MiKTeX/fonts/type1/public/amsfonts/cm/cmmi8.pfb><D:/CTEX/MiKTe
X/fonts/type1/public/amsfonts/cm/cmmi9.pfb><D:/CTEX/MiKTeX/fonts/type1/public/a
msfonts/cm/cmr10.pfb><D:/CTEX/MiKTeX/fonts/type1/public/amsfonts/cm/cmr12.pfb><
D:/CTEX/MiKTeX/fonts/type1/public/amsfonts/cm/cmr17.pfb><D:/CTEX/MiKTeX/fonts/t
ype1/public/amsfonts/cm/cmr6.pfb><D:/CTEX/MiKTeX/fonts/type1/public/amsfonts/cm
/cmr7.pfb><D:/CTEX/MiKTeX/fonts/type1/public/amsfonts/cm/cmr8.pfb><D:/CTEX/MiKT
eX/fonts/type1/public/amsfonts/cm/cmr9.pfb><D:/CTEX/MiKTeX/fonts/type1/public/a
msfonts/cm/cmsy10.pfb><D:/CTEX/MiKTeX/fonts/type1/public/amsfonts/cm/cmsy6.pfb>
<D:/CTEX/MiKTeX/fonts/type1/public/amsfonts/cm/cmsy8.pfb><D:/CTEX/MiKTeX/fonts/
type1/public/amsfonts/cm/cmsy9.pfb><D:/CTEX/MiKTeX/fonts/type1/public/amsfonts/
cm/cmtt10.pfb>
Output written on NaI(Tl)Èó™ÁÉÅË∞±‰ª™ÊµãÂÆöŒ≥Â∞ÑÁ∫øËÉΩË∞±.pdf (11 pages, 800444
 bytes).
PDF statistics:
 479 PDF objects out of 1000 (max. 8388607)
 53 named destinations out of 1000 (max. 500000)
 56 words of extra memory for PDF output out of 10000 (max. 10000000)

